20141127-112343>[cms_anl.cpp]-[FuncSIGTERM]
	[CST-0, Pid:[16568], SIGTERM signal caught[15]]
20141127-142819>[cms_anl.cpp]-[loggerMain]
	[CST-0, Message queue creation success with QUE_LOGGER]
20141127-142819>	
	[CST-0, Message queue open success with QUE_EVENT]
20141127-151042>[cms_anl.cpp]-[FuncSIGTERM]
	[CST-0, Pid:[6220], SIGTERM signal caught[15]]
20141127-151606>[cms_anl.cpp]-[loggerMain]
	[CST-0, Message queue creation success with QUE_LOGGER]
20141127-151606>[cms_anl.cpp]-[analysisMain]
	[CST-0, Message queue open success with QUE_EVENT]
20141127-154253>[cms_anl.cpp]-[FuncSIGTERM]
	[CST-0, Pid:[9704], SIGTERM signal caught[15]]
20141127-173138>[cms_anl.cpp]-[loggerMain]
	[CST-0, Message queue creation success with QUE_LOGGER]
20141127-173138>[cms_anl.cpp]-[analysisMain]
	[CST-0, Message queue open success with QUE_EVENT]
20141127-173428>[cms_anl.cpp]-[FuncSIGTERM]
	[CST-0, Pid:[19437], SIGTERM signal caught[15]]
20141127-203533>[cms_anl.cpp]-[loggerMain]
	[CST-0, Message queue creation success with QUE_LOGGER]
20141127-203533>[cms_anl.cpp]-[analysisMain]
	[CST-0, Message queue open success with QUE_EVENT]
