20141120-102202>[
20141120-102202>[cms_anl.cpp]-[analysisMain]
	
	[CST-0, Message queue creation success with QUE_LOGGER]
20141120-102212>[cms_anl.cpp]-[FuncSIGTERM]
	[CST-0, Pid:[21874], SIGTERM signal caught[15]]
20141120-102218>[cms_anl.cpp]-[FuncSIGTERM]
	[CST-0, Pid:[5122], SIGTERM signal caught[15]]
20141120-102304>[cms_anl.cpp]-[loggerMain]
	[CST-0, Message queue creation success with QUE_LOGGER]
20141120-102304>[cms_anl.cpp]-[analysisMain]
	[CST-0, Message queue open success with QUE_EVENT]
20141120-110320>[cms_anl.cpp]-[FuncSIGTERM]
	[CST-0, Pid:[21902], SIGTERM signal caught[15]]
20141120-110352>[cms_anl.cpp]-[loggerMain]
	[CST-0, Message queue creation success with QUE_LOGGER]
20141120-110352>[cms_anl.cpp]-[analysisMain]
	[CST-0, Message queue open success with QUE_EVENT]
20141120-110735>[cms_anl.cpp]-[FuncSIGTERM]
	[CST-0, Pid:[25186], SIGTERM signal caught[15]]
20141120-110745>[cms_anl.cpp]-[loggerMain]
20141120-110745>[cms_anl.cpp]-[analysisMain]
	[CST-0, Message queue open success with QUE_EVENT]
	[CST-0, Message queue creation success with QUE_LOGGER]
20141120-110845>[cms_anl.cpp]-[FuncSIGTERM]
	[CST-0, Pid:[25305], SIGTERM signal caught[15]]
20141120-110854>[
20141120-110854>[cms_anl.cpp]-[analysisMain]
20141120-110857>[cms_anl.cpp]-[loggerMain]
	[CST-0, Message queue creation success with QUE_LOGGER]
20141120-110857>[cms_anl.cpp]-[analysisMain]
	[CST-0, Message queue open success with QUE_EVENT]
20141120-111450>[cms_anl.cpp]-[FuncSIGTERM]
	[CST-0, Pid:[25370], SIGTERM signal caught[15]]
20141120-111500>[cms_anl.cpp]-[loggerMain]
	[CST-0, Message queue creation success with QUE_LOGGER]
20141120-111500>[cms_anl.cpp]-[analysisMain]
	[CST-0, Message queue open success with QUE_EVENT]
20141120-111711>[cms_anl.cpp]-[FuncSIGTERM]
	[CST-0, Pid:[25514], SIGTERM signal caught[15]]
20141120-111722>[cms_anl.cpp]-[loggerMain]
	[CST-0, Message queue creation success with QUE_LOGGER]
20141120-111722>€Æ…ý„
	[CST-0, Message queue open success with QUE_EVENT]
20141120-123705>[cms_anl.cpp]-[FuncSIGTERM]
	[CST-0, Pid:[25580], SIGTERM signal caught[15]]
20141120-130034>[cms_anl.cpp]-[loggerMain]
[
20141120-130034>[cms_anl.cpp]-[analysisMain]
	[CST-0, Message queue open success with QUE_EVENT]
20141120-131044>[cms_anl.cpp]-[FuncSIGTERM]
	[CST-0, Pid:[30428], SIGTERM signal caught[15]]
20141120-131055>[cms_anl.cpp]-[loggerMain]
[
20141120-131055>[cms_anl.cpp]-[analysisMain]
	[CST-0, Message queue open success with QUE_EVENT]
20141120-132628>[cms_anl.cpp]-[loggerMain]
	[CST-0, Message queue creation success with QUE_LOGGER]
20141120-132628>[cms_anl.cpp]-[analysisMain]
	[CST-0, Message queue open success with QUE_EVENT]
20141120-133113>[cms_anl.cpp]-[loggerMain]
	[CST-0, Message queue creation success with QUE_LOGGER]
20141120-133113>[cms_anl.cpp]-[analysisMain]
	[CST-0, Message queue open success with QUE_EVENT]
20141120-133225>[cms_anl.cpp]-[FuncSIGTERM]
	[CST-0, Pid:[30684], SIGTERM signal caught[15]]
20141120-133229>[cms_anl.cpp]-[FuncSIGTERM]
	[CST-0, Pid:[31390], SIGTERM signal caught[15]]
20141120-133231>[cms_anl.cpp]-[FuncSIGTERM]
	[CST-0, Pid:[32027], SIGTERM signal caught[15]]
20141120-133602>[
20141120-133602>	
	
	[CST-0, Message queue open success with QUE_EVENT]
20141120-133700>[cms_anl.cpp]-[FuncSIGTERM]
	[CST-0, Pid:[32204], SIGTERM signal caught[15]]
20141120-133711>[cms_anl.cpp]-[loggerMain]
	[CST-0, Message queue creation success with QUE_LOGGER]
20141120-133711>[cms_anl.cpp]-[analysisMain]
	[CST-0, Message queue open success with QUE_EVENT]
20141120-133902>[cms_anl.cpp]-[FuncSIGTERM]
	[CST-0, Pid:[32264], SIGTERM signal caught[15]]
20141120-134243>[cms_anl.cpp]-[loggerMain]
20141120-134243>	
	
	[CST-0, Message queue open success with QUE_EVENT]
20141120-141131>[cms_anl.cpp]-[loggerMain]
[
20141120-141131>[cms_anl.cpp]-[analysisMain]
	[CST-0, Message queue open success with QUE_EVENT]
