20141126-173225>[cms_anl.cpp]-[loggerMain]
	[CST-0, Message queue creation success with QUE_LOGGER]
20141126-173225>[cms_anl.cpp]-[analysisMain]
	[CST-0, Message queue open success with QUE_EVENT]
20141126-174502>[cms_anl.cpp]-[FuncSIGTERM]
	[CST-0, Pid:[4987], SIGTERM signal caught[15]]
20141126-174530>[cms_anl.cpp]-[loggerMain]
	[CST-0, Message queue creation success with QUE_LOGGER]
20141126-174530>[cms_anl.cpp]-[analysisMain]
	[CST-0, Message queue open success with QUE_EVENT]
20141126-180506>[cms_anl.cpp]-[loggerMain]
	[CST-0, Message queue creation success with QUE_LOGGER]
20141126-180506>[cms_anl.cpp]-[analysisMain]
	[CST-0, Message queue open success with QUE_EVENT]
20141126-180714>[cms_anl.cpp]-[loggerMain]
	[CST-0, Message queue creation success with QUE_LOGGER]
20141126-180714>[cms_anl.cpp]-[analysisMain]
	[CST-0, Message queue open success with QUE_EVENT]
20141126-193316>[cms_anl.cpp]-[FuncSIGTERM]
	[CST-0, Pid:[7108], SIGTERM signal caught[15]]
20141126-200439>[cms_anl.cpp]-[loggerMain]
	[CST-0, Message queue creation success with QUE_LOGGER]
20141126-200439>[cms_anl.cpp]-[analysisMain]
	[CST-0, Message queue open success with QUE_EVENT]
