20141023-124701>[cms_anl.cpp]-[loggerMain]
	[CST-0, Message queue creation success with iscms_logger]
20141023-124701>[cms_anl.cpp]-[analysisMain]
	[CST-0, Message queue open success with iscms_event]
20141023-124721>[cms_anl.cpp]-[FuncSIGTERM]
	[CST-0, Pid:[2038], SIGTERM signal caught[15]]
20141023-124756>[cms_anl.cpp]-[FuncSIGTERM]
	[CST-0, Pid:[2038], SIGTERM signal caught[15]]
20141023-134204>[cms_anl.cpp]-[loggerMain]
[
20141023-134204>[cms_anl.cpp]-[analysisMain]
	[CST-0, Message queue open success with iscms_event]
20141023-134215>[cms_anl.cpp]-[FuncSIGTERM]
	[CST-0, Pid:[2663], SIGTERM signal caught[15]]
20141023-134233>[cms_anl.cpp]-[FuncSIGTERM]
	[CST-0, Pid:[2663], SIGTERM signal caught[15]]
20141023-134831>[cms_anl.cpp]-[analysisMain]
	[CST-0, Message queue open success with iscms_event]
20141023-134831>[cms_anl.cpp]-[loggerMain]
	[CST-0, Message queue creation success with iscms_logger]
20141023-134849>[cms_anl.cpp]-[FuncSIGTERM]
	[CST-0, Pid:[2752], SIGTERM signal caught[15]]
20141023-135251>[cms_anl.cpp]-[FuncSIGTERM]
	[CST-0, Pid:[2752], SIGTERM signal caught[15]]
20141023-135310>[cms_anl.cpp]-[analysisMain]
	[CST-0, Message queue open success with iscms_event]
20141023-135310>[cms_anl.cpp]-[loggerMain]
	[CST-0, Message queue creation success with iscms_logger]
20141023-135332>[cms_anl.cpp]-[FuncSIGTERM]
	[CST-0, Pid:[2809], SIGTERM signal caught[15]]
20141023-135505>[cms_anl.cpp]-[FuncSIGTERM]
	[CST-0, Pid:[2809], SIGTERM signal caught[15]]
20141023-135616>[cms_anl.cpp]-[loggerMain]
	[CST-0, Message queue creation success with iscms_logger]
20141023-135616>[cms_anl.cpp]-[analysisMain]
	[CST-0, Message queue open success with iscms_event]
20141023-135629>[cms_anl.cpp]-[FuncSIGTERM]
	[CST-0, Pid:[2851], SIGTERM signal caught[15]]
20141023-141150>[cms_anl.cpp]-[loggerMain]
	[CST-0, Message queue creation success with iscms_logger]
20141023-141150>[cms_anl.cpp]-[analysisMain]
	[CST-0, Message queue open success with iscms_event]
20141023-141158>[cms_anl.cpp]-[FuncSIGTERM]
	[CST-0, Pid:[3053], SIGTERM signal caught[15]]
20141023-142951>[cms_anl.cpp]-[loggerMain]
	[CST-0, Message queue creation success with iscms_logger]
20141023-142951>[cms_anl.cpp]-[analysisMain]
	[CST-0, Message queue open success with iscms_event]
20141023-143000>[cms_anl.cpp]-[FuncSIGTERM]
	[CST-0, Pid:[3275], SIGTERM signal caught[15]]
20141023-145318>[cms_anl.cpp]-[loggerMain]
20141023-145318>[
	[CST-0, Message queue creation success with iscms_logger]
	
20141023-145351>[cms_anl.cpp]-[FuncSIGTERM]
	[CST-0, Pid:[3476], SIGTERM signal caught[15]]
20141023-145444>[cms_anl.cpp]-[analysisMain]
20141023-145444>[
	[CST-0, Message queue creation success with iscms_logger]
	
20141023-145503>[cms_anl.cpp]-[FuncSIGTERM]
	[CST-0, Pid:[3492], SIGTERM signal caught[15]]
